<?xml version="1.0" encoding="UTF-8"?>
<testng-results skipped="0" failed="0" ignored="0" total="1" passed="1">
  <reporter-output>
  </reporter-output>
  <suite name="Default suite" duration-ms="23729" started-at="2020-10-05T03:58:49Z" finished-at="2020-10-05T03:59:12Z">
    <groups>
    </groups>
    <test name="Default test" duration-ms="23729" started-at="2020-10-05T03:58:49Z" finished-at="2020-10-05T03:59:12Z">
      <class name="script.Login_Logout_Test">
        <test-method status="PASS" signature="OpenAppln()[pri:0, instance:script.Login_Logout_Test@224edc67]" name="OpenAppln" is-config="true" duration-ms="10036" started-at="2020-10-05T03:58:49Z" finished-at="2020-10-05T03:58:59Z">
          <reporter-output>
          </reporter-output>
        </test-method> <!-- OpenAppln -->
        <test-method status="PASS" signature="login_logout_Test()[pri:0, instance:script.Login_Logout_Test@224edc67]" name="login_logout_Test" duration-ms="13221" started-at="2020-10-05T03:58:59Z" finished-at="2020-10-05T03:59:12Z">
          <reporter-output>
          </reporter-output>
        </test-method> <!-- login_logout_Test -->
        <test-method status="PASS" signature="CloseAppln(org.testng.ITestResult)[pri:0, instance:script.Login_Logout_Test@224edc67]" name="CloseAppln" is-config="true" duration-ms="440" started-at="2020-10-05T03:59:12Z" finished-at="2020-10-05T03:59:12Z">
          <params>
            <param index="0">
              <value>
                <![CDATA[[TestResult name=login_logout_Test status=SUCCESS method=Login_Logout_Test.login_logout_Test()[pri:0, instance:script.Login_Logout_Test@224edc67] output={null}]]]>
              </value>
            </param>
          </params>
          <reporter-output>
          </reporter-output>
        </test-method> <!-- CloseAppln -->
      </class> <!-- script.Login_Logout_Test -->
    </test> <!-- Default test -->
  </suite> <!-- Default suite -->
</testng-results>
